{"name": "test_testcase_does_not_exist[chromium]", "status": "failed", "statusDetails": {"message": "AssertionError: assert False", "trace": "desktop_app_auth = <lesson_25.page_object.application.App object at 0x793b222f7340>\n\n    def test_testcase_does_not_exist(desktop_app_auth):\n        desktop_app_auth.navigate_to(\"Test Cases\")\n        assert not desktop_app_auth.test_cases.check_test_is_exists(\"ZAPEL\")\n>       assert False\nE       assert False\n\ntest_testcases.py:22: AssertionError"}, "steps": [{"name": "navigate_to", "status": "passed", "parameters": [{"name": "menu", "value": "'Test Cases'"}], "start": 1717653964498, "stop": 1717653964636}], "attachments": [{"name": "log", "source": "aab854bc-5ac1-4335-9e52-1a452c0f4590-attachment.txt", "type": "text/plain"}], "parameters": [{"name": "get_browser", "value": "'chromium'"}], "start": 1717653964498, "stop": 1717653964654, "uuid": "51fa0e0f-d9b4-48e9-af27-e13fb85951b0", "historyId": "ecb236afaf2a0e732b39124e5f4ce629", "testCaseId": "10ab2e473aa52f6ac2db756243932483", "fullName": "lesson_25.tests.test_testcases#test_testcase_does_not_exist", "labels": [{"name": "parentSuite", "value": "lesson_25.tests"}, {"name": "suite", "value": "test_testcases"}, {"name": "host", "value": "acernb001"}, {"name": "thread", "value": "22857-MainThread"}, {"name": "framework", "value": "pytest"}, {"name": "language", "value": "cpython3"}, {"name": "package", "value": "lesson_25.tests.test_testcases"}]}